<?xml version="1.0" encoding="UTF-8"?>
<!-- Generated by org.testng.reporters.JUnitReportReporter -->
<testsuite hostname="GOA-PC" name="com.acttime.customettest.CstomerTest" tests="2" failures="0" timestamp="9 Nov 2017 03:22:54 GMT" time="4.664" errors="0">
  <testcase name="createCustomerTest" time="2.653" classname="com.acttime.customettest.CstomerTest"/>
  <testcase name="createCustomerWithDecTest" time="2.011" classname="com.acttime.customettest.CstomerTest"/>
</testsuite> <!-- com.acttime.customettest.CstomerTest -->
